2025-05-17 13:25:48 - AmazonAnalysis - INFO - Generating regional dashboard...
2025-05-17 13:26:12 - AmazonAnalysis - SUCCESS - Monthly report saved to Outputs\Monthly\RegionalDashboard_Monthly_2024-05-01_to_2024-05-31.html
2025-05-17 23:14:39 - AmazonAnalysis - INFO - Generating regional dashboard...
2025-05-17 23:14:39 - AmazonAnalysis - ERROR - Dashboard generation failed: [Errno 2] No such file or directory: 'C:\\Users\\Admin\\Desktop\\Automation - Local\\AmazonAnalysis\\AutomateSupplierOrders\\Order Report\\order_report.xlsx'
2025-05-17 23:15:25 - AmazonAnalysis - INFO - Generating regional dashboard...
2025-05-17 23:15:25 - AmazonAnalysis - ERROR - Dashboard generation failed: [Errno 2] No such file or directory: 'C:\\Users\\Admin\\Desktop\\Automation - Local\\AmazonAnalysis\\AutomateSupplierOrders\\Order Report\\order_report.xlsx'
2025-05-17 23:18:33 - AmazonAnalysis - INFO - Generating regional dashboard...
2025-05-17 23:18:33 - AmazonAnalysis - ERROR - Dashboard generation failed: Can only use .str accessor with string values!
2025-05-17 23:35:35 - AmazonAnalysis - INFO - Generating regional dashboard...
2025-05-17 23:35:59 - AmazonAnalysis - SUCCESS - Monthly report saved to Outputs\Monthly\RegionalDashboard_Monthly_2024-01-01_to_2024-01-31.html
2025-05-17 23:45:03 - AmazonAnalysis - INFO - Generating product dashboard...
2025-05-17 23:50:23 - AmazonAnalysis - INFO - Generating product dashboard...
2025-05-17 23:50:23 - AmazonAnalysis - ERROR - Dashboard generation failed: module 'Analysis.utils.logger' has no attribute 'get_logger'
2025-05-17 23:51:00 - AmazonAnalysis - INFO - Generating product dashboard...
2025-05-17 23:51:00 - Analysis.core.product_analyzer - INFO - Initializing product analyzer
2025-05-17 23:51:00 - Analysis.core.product_analyzer - ERROR - Failed to load order data: load_order_data() missing 2 required positional arguments: 'start_date' and 'end_date'
2025-05-17 23:51:00 - AmazonAnalysis - ERROR - Dashboard generation failed: load_order_data() missing 2 required positional arguments: 'start_date' and 'end_date'
2025-05-17 23:52:25 - AmazonAnalysis - INFO - Generating product dashboard...
2025-05-17 23:52:25 - Analysis.core.product_analyzer - INFO - Initializing product analyzer
2025-05-17 23:52:47 - Analysis.core.product_analyzer - SUCCESS - Order data loaded successfully
2025-05-17 23:52:47 - Analysis.core.product_analyzer - ERROR - Analysis failed: module 'Analysis.utils.data_loader' has no attribute 'filter_by_dates'
2025-05-17 23:52:47 - AmazonAnalysis - ERROR - Dashboard generation failed: module 'Analysis.utils.data_loader' has no attribute 'filter_by_dates'
2025-05-17 23:56:10 - AmazonAnalysis - INFO - Generating product dashboard...
2025-05-17 23:56:10 - Analysis.core.product_analyzer - INFO - Initializing product analyzer
2025-05-17 23:56:32 - Analysis.core.product_analyzer - SUCCESS - Order data loaded successfully
2025-05-17 23:56:32 - Analysis.core.product_analyzer - ERROR - Analysis failed: '2024-01-01'
2025-05-17 23:56:32 - AmazonAnalysis - ERROR - Dashboard generation failed: '2024-01-01'
